<?xml version="1.0" encoding="UTF-8"?>
<!-- Generated by org.testng.reporters.JUnitReportReporter -->
<testsuite hostname="MacA2251.fritz.box" failures="0" tests="3" name="com.heroku.tests.AlertsTests" time="14.031" errors="0" timestamp="2024-04-21T00:21:04 CEST" skipped="0">
  <testcase classname="com.heroku.tests.AlertsTests" name="alertWithPromptTest" time="5.416"/>
  <testcase classname="com.heroku.tests.AlertsTests" name="alertWithOkTest" time="4.227"/>
  <testcase classname="com.heroku.tests.AlertsTests" name="alertWithSelectTest" time="4.388"/>
</testsuite> <!-- com.heroku.tests.AlertsTests -->
