<?xml version="1.0" encoding="UTF-8"?>
<!-- Generated by org.testng.reporters.JUnitReportReporter -->
<testsuite hostname="MacA2251.fritz.box" failures="0" tests="1" name="com.heroku.tests.DropdownTests" time="5.917" errors="0" timestamp="2024-04-21T00:21:04 CEST" skipped="0">
  <testcase classname="com.heroku.tests.DropdownTests" name="selectOptionTest" time="5.917"/>
</testsuite> <!-- com.heroku.tests.DropdownTests -->
