<?xml version="1.0" encoding="UTF-8"?>
<!-- Generated by org.testng.reporters.JUnitReportReporter -->
<testsuite hostname="MacA2251.fritz.box" failures="0" tests="1" name="com.heroku.tests.NewWindowTest" time="4.348" errors="0" timestamp="2024-04-21T00:21:04 CEST" skipped="0">
  <testcase classname="com.heroku.tests.NewWindowTest" name="newWindowTest" time="4.348"/>
</testsuite> <!-- com.heroku.tests.NewWindowTest -->
